\BOOKMARK [1][-]{section.1}{Introduction}{}
\BOOKMARK [2][-]{subsection.1.1}{Objective}{section.1}
\BOOKMARK [2][-]{subsection.1.2}{Structure of the Document}{section.1}
\BOOKMARK [2][-]{subsection.1.3}{References}{section.1}
\BOOKMARK [2][-]{subsection.1.4}{Glossary}{section.1}
\BOOKMARK [1][-]{section.2}{Test Approach and Constraints}{}
\BOOKMARK [2][-]{subsection.2.1}{Test Objectives}{section.2}
\BOOKMARK [2][-]{subsection.2.2}{Test Structure}{section.2}
\BOOKMARK [1][-]{section.3}{Test Assumptions and Exclusions}{}
\BOOKMARK [2][-]{subsection.3.1}{Introduction}{section.3}
\BOOKMARK [2][-]{subsection.3.2}{Assumptions}{section.3}
\BOOKMARK [2][-]{subsection.3.3}{Exclusions}{section.3}
\BOOKMARK [1][-]{section.4}{Entry and Exit Criteria}{}
\BOOKMARK [2][-]{subsection.4.1}{Introduction}{section.4}
\BOOKMARK [2][-]{subsection.4.2}{Entry Criteria}{section.4}
\BOOKMARK [2][-]{subsection.4.3}{Exit Criteria}{section.4}
\BOOKMARK [1][-]{section.5}{Testing Participants}{}
\BOOKMARK [2][-]{subsection.5.1}{Introduction}{section.5}
\BOOKMARK [2][-]{subsection.5.2}{Roles and Responsibilities}{section.5}
\BOOKMARK [2][-]{subsection.5.3}{Training Requirements}{section.5}
\BOOKMARK [2][-]{subsection.5.4}{Problem Reporting}{section.5}
\BOOKMARK [2][-]{subsection.5.5}{Progress Reporting}{section.5}
\BOOKMARK [1][-]{section.6}{Test Cases}{}
\BOOKMARK [2][-]{subsection.6.1}{Functional Requirements}{section.6}
\BOOKMARK [3][-]{subsubsection.6.1.1}{Visualization}{subsection.6.1}
\BOOKMARK [4][-]{paragraph.6.1.1.1}{Terrain}{subsubsection.6.1.1}
\BOOKMARK [4][-]{paragraph.6.1.1.2}{World Objects}{subsubsection.6.1.1}
\BOOKMARK [4][-]{paragraph.6.1.1.3}{Mobile Agents}{subsubsection.6.1.1}
\BOOKMARK [4][-]{paragraph.6.1.1.4}{Path-drawing}{subsubsection.6.1.1}
\BOOKMARK [4][-]{paragraph.6.1.1.5}{Maximum Models}{subsubsection.6.1.1}
\BOOKMARK [4][-]{paragraph.6.1.1.6}{Modularity}{subsubsection.6.1.1}
\BOOKMARK [4][-]{paragraph.6.1.1.7}{Timing}{subsubsection.6.1.1}
\BOOKMARK [4][-]{paragraph.6.1.1.8}{Viewpoints}{subsubsection.6.1.1}
\BOOKMARK [4][-]{paragraph.6.1.1.9}{Viewpoints}{subsubsection.6.1.1}
\BOOKMARK [3][-]{subsubsection.6.1.2}{Simulation Engine}{subsection.6.1}
\BOOKMARK [4][-]{paragraph.6.1.2.1}{Timing}{subsubsection.6.1.2}
\BOOKMARK [4][-]{paragraph.6.1.2.2}{Limitations of Movement}{subsubsection.6.1.2}
\BOOKMARK [4][-]{paragraph.6.1.2.3}{Path-finding}{subsubsection.6.1.2}
\BOOKMARK [4][-]{paragraph.6.1.2.4}{Collision Prevention}{subsubsection.6.1.2}
\BOOKMARK [4][-]{paragraph.6.1.2.5}{Maximum Models}{subsubsection.6.1.2}
\BOOKMARK [4][-]{paragraph.6.1.2.6}{User Intervention}{subsubsection.6.1.2}
\BOOKMARK [3][-]{subsubsection.6.1.3}{Network Definition}{subsection.6.1}
\BOOKMARK [4][-]{paragraph.6.1.3.1}{Interfaces}{subsubsection.6.1.3}
\BOOKMARK [4][-]{paragraph.6.1.3.2}{Networks}{subsubsection.6.1.3}
\BOOKMARK [4][-]{paragraph.6.1.3.3}{Links}{subsubsection.6.1.3}
\BOOKMARK [3][-]{subsubsection.6.1.4}{Scenario Definition}{subsection.6.1}
\BOOKMARK [4][-]{paragraph.6.1.4.1}{Location}{subsubsection.6.1.4}
\BOOKMARK [4][-]{paragraph.6.1.4.2}{Mobility}{subsubsection.6.1.4}
\BOOKMARK [4][-]{paragraph.6.1.4.3}{Events}{subsubsection.6.1.4}
\BOOKMARK [3][-]{subsubsection.6.1.5}{Agent Framework}{subsection.6.1}
\BOOKMARK [4][-]{paragraph.6.1.5.1}{Agent Location}{subsubsection.6.1.5}
\BOOKMARK [4][-]{paragraph.6.1.5.2}{Startup}{subsubsection.6.1.5}
\BOOKMARK [3][-]{subsubsection.6.1.6}{Distribution Framework}{subsection.6.1}
\BOOKMARK [4][-]{paragraph.6.1.6.1}{Physical Distribution}{subsubsection.6.1.6}
\BOOKMARK [4][-]{paragraph.6.1.6.2}{Distributed Agent Initialization}{subsubsection.6.1.6}
\BOOKMARK [4][-]{paragraph.6.1.6.3}{Simulation Server}{subsubsection.6.1.6}
\BOOKMARK [3][-]{subsubsection.6.1.7}{Data Aggregation}{subsection.6.1}
\BOOKMARK [4][-]{paragraph.6.1.7.1}{Data Aggregation}{subsubsection.6.1.7}
\BOOKMARK [3][-]{subsubsection.6.1.8}{Data Storage}{subsection.6.1}
\BOOKMARK [4][-]{paragraph.6.1.8.1}{Scenario Definitions}{subsubsection.6.1.8}
\BOOKMARK [1][-]{section.7}{Traceability Matrix}{}
