\BOOKMARK [1][-]{section.1}{Introduction}{}
\BOOKMARK [2][-]{subsection.1.1}{Purpose}{section.1}
\BOOKMARK [2][-]{subsection.1.2}{Scope}{section.1}
\BOOKMARK [2][-]{subsection.1.3}{Definitions, Acronyms, and Abbreviations}{section.1}
\BOOKMARK [2][-]{subsection.1.4}{References}{section.1}
\BOOKMARK [2][-]{subsection.1.5}{Overview}{section.1}
\BOOKMARK [1][-]{section.2}{Overall Description}{}
\BOOKMARK [2][-]{subsection.2.1}{Product Perspective}{section.2}
\BOOKMARK [3][-]{subsubsection.2.1.1}{System Interfaces}{subsection.2.1}
\BOOKMARK [3][-]{subsubsection.2.1.2}{User Interfaces}{subsection.2.1}
\BOOKMARK [2][-]{subsection.2.2}{Product Functions}{section.2}
\BOOKMARK [2][-]{subsection.2.3}{User Characteristics}{section.2}
\BOOKMARK [3][-]{subsubsection.2.3.1}{Fictional User: Alice, Project Manager}{subsection.2.3}
\BOOKMARK [3][-]{subsubsection.2.3.2}{Fictional User: Bob, Agent Algorithm Researcher}{subsection.2.3}
\BOOKMARK [3][-]{subsubsection.2.3.3}{Fictional User: Carol, Network Protocol Developer}{subsection.2.3}
\BOOKMARK [3][-]{subsubsection.2.3.4}{Fictional User: Dave, Large Scale Simulator}{subsection.2.3}
\BOOKMARK [2][-]{subsection.2.4}{Constraints}{section.2}
\BOOKMARK [2][-]{subsection.2.5}{Assumptions and Dependencies}{section.2}
\BOOKMARK [1][-]{section.3}{Specific Requirements}{}
\BOOKMARK [2][-]{subsection.3.1}{Functional Requirements}{section.3}
\BOOKMARK [3][-]{subsubsection.3.1.1}{Visualization}{subsection.3.1}
\BOOKMARK [4][-]{paragraph.3.1.1.1}{Terrain}{subsubsection.3.1.1}
\BOOKMARK [4][-]{paragraph.3.1.1.2}{World Objects}{subsubsection.3.1.1}
\BOOKMARK [4][-]{paragraph.3.1.1.3}{Mobile Agents}{subsubsection.3.1.1}
\BOOKMARK [4][-]{paragraph.3.1.1.4}{Path-finding}{subsubsection.3.1.1}
\BOOKMARK [4][-]{paragraph.3.1.1.5}{Maximum Models}{subsubsection.3.1.1}
\BOOKMARK [4][-]{paragraph.3.1.1.6}{Modularity}{subsubsection.3.1.1}
\BOOKMARK [4][-]{paragraph.3.1.1.7}{Timing}{subsubsection.3.1.1}
\BOOKMARK [4][-]{paragraph.3.1.1.8}{Viewpoints}{subsubsection.3.1.1}
\BOOKMARK [4][-]{paragraph.3.1.1.9}{Viewpoints}{subsubsection.3.1.1}
\BOOKMARK [3][-]{subsubsection.3.1.2}{Simulation Engine}{subsection.3.1}
\BOOKMARK [4][-]{paragraph.3.1.2.1}{Timing}{subsubsection.3.1.2}
\BOOKMARK [4][-]{paragraph.3.1.2.2}{Limitations of Movement}{subsubsection.3.1.2}
\BOOKMARK [4][-]{paragraph.3.1.2.3}{Path-drawing}{subsubsection.3.1.2}
\BOOKMARK [4][-]{paragraph.3.1.2.4}{Collision Prevention}{subsubsection.3.1.2}
\BOOKMARK [4][-]{paragraph.3.1.2.5}{Maximum Models}{subsubsection.3.1.2}
\BOOKMARK [4][-]{paragraph.3.1.2.6}{User Intervention}{subsubsection.3.1.2}
\BOOKMARK [3][-]{subsubsection.3.1.3}{Network Definition}{subsection.3.1}
\BOOKMARK [4][-]{paragraph.3.1.3.1}{Interfaces}{subsubsection.3.1.3}
\BOOKMARK [4][-]{paragraph.3.1.3.2}{Networks}{subsubsection.3.1.3}
\BOOKMARK [4][-]{paragraph.3.1.3.3}{Links}{subsubsection.3.1.3}
\BOOKMARK [3][-]{subsubsection.3.1.4}{Scenario Definition}{subsection.3.1}
\BOOKMARK [4][-]{paragraph.3.1.4.1}{Location}{subsubsection.3.1.4}
\BOOKMARK [4][-]{paragraph.3.1.4.2}{Mobility}{subsubsection.3.1.4}
\BOOKMARK [4][-]{paragraph.3.1.4.3}{Events}{subsubsection.3.1.4}
\BOOKMARK [4][-]{paragraph.3.1.4.4}{Non-node Behavior}{subsubsection.3.1.4}
\BOOKMARK [3][-]{subsubsection.3.1.5}{Agent Framework}{subsection.3.1}
\BOOKMARK [4][-]{paragraph.3.1.5.1}{Agent Location}{subsubsection.3.1.5}
\BOOKMARK [4][-]{paragraph.3.1.5.2}{Startup}{subsubsection.3.1.5}
\BOOKMARK [4][-]{paragraph.3.1.5.3}{Collection}{subsubsection.3.1.5}
\BOOKMARK [3][-]{subsubsection.3.1.6}{Distribution Framework}{subsection.3.1}
\BOOKMARK [4][-]{paragraph.3.1.6.1}{Physical Distribution}{subsubsection.3.1.6}
\BOOKMARK [4][-]{paragraph.3.1.6.2}{Simulation Server}{subsubsection.3.1.6}
\BOOKMARK [3][-]{subsubsection.3.1.7}{Data Aggregation}{subsection.3.1}
\BOOKMARK [4][-]{paragraph.3.1.7.1}{Real-Time Event Subscription}{subsubsection.3.1.7}
\BOOKMARK [3][-]{subsubsection.3.1.8}{Data Storage}{subsection.3.1}
\BOOKMARK [4][-]{paragraph.3.1.8.1}{Outside Databases}{subsubsection.3.1.8}
\BOOKMARK [4][-]{paragraph.3.1.8.2}{Scenario Definitions}{subsubsection.3.1.8}
\BOOKMARK [2][-]{subsection.3.2}{Non-Functional Requirements}{section.3}
\BOOKMARK [3][-]{subsubsection.3.2.1}{Hardware Interfaces}{subsection.3.2}
\BOOKMARK [3][-]{subsubsection.3.2.2}{Software Interfaces}{subsection.3.2}
\BOOKMARK [3][-]{subsubsection.3.2.3}{Memory Constraints}{subsection.3.2}
\BOOKMARK [3][-]{subsubsection.3.2.4}{Site Adaptation Requirements}{subsection.3.2}
\BOOKMARK [3][-]{subsubsection.3.2.5}{Operating System}{subsection.3.2}
\BOOKMARK [3][-]{subsubsection.3.2.6}{Processor}{subsection.3.2}
\BOOKMARK [3][-]{subsubsection.3.2.7}{Network Connection}{subsection.3.2}
\BOOKMARK [3][-]{subsubsection.3.2.8}{Visualizer}{subsection.3.2}
\BOOKMARK [2][-]{subsection.3.3}{Input Formats}{section.3}
\BOOKMARK [3][-]{subsubsection.3.3.1}{Scenario}{subsection.3.3}
\BOOKMARK [4][-]{paragraph.3.3.1.1}{Location Data}{subsubsection.3.3.1}
\BOOKMARK [4][-]{paragraph.3.3.1.2}{Mobility Data}{subsubsection.3.3.1}
\BOOKMARK [4][-]{paragraph.3.3.1.3}{Scenario Input}{subsubsection.3.3.1}
\BOOKMARK [3][-]{subsubsection.3.3.2}{Topology}{subsection.3.3}
\BOOKMARK [4][-]{paragraph.3.3.2.1}{Network Interfaces}{subsubsection.3.3.2}
\BOOKMARK [4][-]{paragraph.3.3.2.2}{Network Links}{subsubsection.3.3.2}
\BOOKMARK [4][-]{paragraph.3.3.2.3}{Network Topology}{subsubsection.3.3.2}
\BOOKMARK [2][-]{subsection.3.4}{Output Formats}{section.3}
\BOOKMARK [3][-]{subsubsection.3.4.1}{Scenario}{subsection.3.4}
\BOOKMARK [4][-]{paragraph.3.4.1.1}{Network Changes}{subsubsection.3.4.1}
\BOOKMARK [4][-]{paragraph.3.4.1.2}{Network Fidelity}{subsubsection.3.4.1}
\BOOKMARK [3][-]{subsubsection.3.4.2}{Topology}{subsection.3.4}
\BOOKMARK [4][-]{paragraph.3.4.2.1}{Topology Changes}{subsubsection.3.4.2}
\BOOKMARK [4][-]{paragraph.3.4.2.2}{Mobility Patterns}{subsubsection.3.4.2}
\BOOKMARK [2][-]{subsection.3.5}{User Interface}{section.3}
\BOOKMARK [3][-]{subsubsection.3.5.1}{Scenarios}{subsection.3.5}
\BOOKMARK [4][-]{paragraph.3.5.1.1}{Scenario}{subsubsection.3.5.1}
\BOOKMARK [4][-]{paragraph.3.5.1.2}{Scenario Language}{subsubsection.3.5.1}
\BOOKMARK [3][-]{subsubsection.3.5.2}{Experimentation}{subsection.3.5}
\BOOKMARK [4][-]{paragraph.3.5.2.1}{Beginning Experiment}{subsubsection.3.5.2}
\BOOKMARK [4][-]{paragraph.3.5.2.2}{Ending Experiment}{subsubsection.3.5.2}
\BOOKMARK [2][-]{subsection.3.6}{Extensibility}{section.3}
\BOOKMARK [3][-]{subsubsection.3.6.1}{Customization}{subsection.3.6}
\BOOKMARK [4][-]{paragraph.3.6.1.1}{Custom Topologies}{subsubsection.3.6.1}
\BOOKMARK [4][-]{paragraph.3.6.1.2}{Custom Agents}{subsubsection.3.6.1}
\BOOKMARK [2][-]{subsection.3.7}{Testing}{section.3}
\BOOKMARK [1][-]{section.4}{System Evolution}{}
\BOOKMARK [2][-]{subsection.4.1}{Documentation}{section.4}
