\BOOKMARK [1][-]{section.1}{Background}{}% 1
\BOOKMARK [2][-]{subsection.1.1}{XMPP and related IETF RFCs}{section.1}% 2
\BOOKMARK [3][-]{subsubsection.1.1.1}{RFC 2778 and RFC 2779}{subsection.1.1}% 3
\BOOKMARK [2][-]{subsection.1.2}{RFC 3920 and RFC 3921}{section.1}% 4
\BOOKMARK [2][-]{subsection.1.3}{RFC 6120 and RFC 6121}{section.1}% 5
\BOOKMARK [2][-]{subsection.1.4}{Other RFCs}{section.1}% 6
\BOOKMARK [2][-]{subsection.1.5}{Scope of this Analysis}{section.1}% 7
\BOOKMARK [1][-]{section.2}{Services Provided by the XMPP Protocol}{}% 8
\BOOKMARK [1][-]{section.3}{Overview of XMPP Communication Architecture}{}% 9
\BOOKMARK [2][-]{subsection.3.1}{Messaging Architecture}{section.3}% 10
\BOOKMARK [3][-]{subsubsection.3.1.1}{Issues with the Messaging Architecture}{subsection.3.1}% 11
\BOOKMARK [2][-]{subsection.3.2}{Addressing Scheme}{section.3}% 12
\BOOKMARK [3][-]{subsubsection.3.2.1}{Issues with the Addressing Scheme}{subsection.3.2}% 13
\BOOKMARK [1][-]{section.4}{Overview of XMPP Communication Primitives}{}% 14
\BOOKMARK [2][-]{subsection.4.1}{Messaging}{section.4}% 15
\BOOKMARK [2][-]{subsection.4.2}{Network Availability \(`Presence'\)}{section.4}% 16
\BOOKMARK [2][-]{subsection.4.3}{Request-Response Interactions \(`IQ'\)}{section.4}% 17
\BOOKMARK [3][-]{subsubsection.4.3.1}{Alternatives to XMPP IQ for Info/Query}{subsection.4.3}% 18
\BOOKMARK [2][-]{subsection.4.4}{Other First-Level Elements}{section.4}% 19
\BOOKMARK [1][-]{section.5}{States of the Protocol}{}% 20
\BOOKMARK [2][-]{subsection.5.1}{Connection Initialization}{section.5}% 21
\BOOKMARK [3][-]{subsubsection.5.1.1}{Reconnection and Reliability}{subsection.5.1}% 22
\BOOKMARK [3][-]{subsubsection.5.1.2}{Issues with TCP as the UTM}{subsection.5.1}% 23
\BOOKMARK [1][-]{section.6}{Authentication}{}% 24
\BOOKMARK [1][-]{section.7}{Security \(Channel Encryption\)}{}% 25
\BOOKMARK [1][-]{section.8}{XMPP Extension Protocols}{}% 26
\BOOKMARK [1][-]{section.9}{Conclusion}{}% 27
